This is XeTeX, Version 3.1415926-2.5-0.9999.3 (TeX Live 2013/Debian) (format=xelatex 2017.8.23)  11 FEB 2018 22:10
entering extended mode
 \write18 enabled.
 file:line:error style messages enabled.
 %&-line parsing enabled.
**project2.tex
(./project2.tex
LaTeX2e <2011/06/27>
Babel <3.9h> and hyphenation patterns for 78 languages loaded.
(/usr/share/texlive/texmf-dist/tex/latex/base/article.cls
Document Class: article 2007/10/19 v1.4h Standard LaTeX document class
(/usr/share/texlive/texmf-dist/tex/latex/base/size10.clo
File: size10.clo 2007/10/19 v1.4h Standard LaTeX file (size option)
)
\c@part=\count80
\c@section=\count81
\c@subsection=\count82
\c@subsubsection=\count83
\c@paragraph=\count84
\c@subparagraph=\count85
\c@figure=\count86
\c@table=\count87
\abovecaptionskip=\skip41
\belowcaptionskip=\skip42
\bibindent=\dimen102
) (/usr/share/texlive/texmf-dist/tex/latex/geometry/geometry.sty
Package: geometry 2010/09/12 v5.6 Page Geometry
 (/usr/share/texlive/texmf-dist/tex/latex/graphics/keyval.sty
Package: keyval 1999/03/16 v1.13 key=value parser (DPC)
\KV@toks@=\toks14
) (/usr/share/texlive/texmf-dist/tex/generic/oberdiek/ifpdf.sty
Package: ifpdf 2011/01/30 v2.3 Provides the ifpdf switch (HO)
Package ifpdf Info: pdfTeX in PDF mode is not detected.
) (/usr/share/texlive/texmf-dist/tex/generic/oberdiek/ifvtex.sty
Package: ifvtex 2010/03/01 v1.5 Detect VTeX and its facilities (HO)
Package ifvtex Info: VTeX not detected.
) (/usr/share/texlive/texmf-dist/tex/generic/ifxetex/ifxetex.sty
Package: ifxetex 2010/09/12 v0.6 Provides ifxetex conditional
)
\Gm@cnth=\count88
\Gm@cntv=\count89
\c@Gm@tempcnt=\count90
\Gm@bindingoffset=\dimen103
\Gm@wd@mp=\dimen104
\Gm@odd@mp=\dimen105
\Gm@even@mp=\dimen106
\Gm@layoutwidth=\dimen107
\Gm@layoutheight=\dimen108
\Gm@layouthoffset=\dimen109
\Gm@layoutvoffset=\dimen110
\Gm@dimlist=\toks15
) (/usr/share/texlive/texmf-dist/tex/latex/amsfonts/amssymb.sty
Package: amssymb 2013/01/14 v3.01 AMS font symbols
 (/usr/share/texlive/texmf-dist/tex/latex/amsfonts/amsfonts.sty
Package: amsfonts 2013/01/14 v3.01 Basic AMSFonts support
\@emptytoks=\toks16
\symAMSa=\mathgroup4
\symAMSb=\mathgroup5
LaTeX Font Info:    Overwriting math alphabet `\mathfrak' in version `bold'
(Font)                  U/euf/m/n --> U/euf/b/n on input line 106.
)) (/usr/share/texlive/texmf-dist/tex/latex/tools/longtable.sty
Package: longtable 2004/02/01 v4.11 Multi-page Table package (DPC)
\LTleft=\skip43
\LTright=\skip44
\LTpre=\skip45
\LTpost=\skip46
\LTchunksize=\count91
\LTcapwidth=\dimen111
\LT@head=\box26
\LT@firsthead=\box27
\LT@foot=\box28
\LT@lastfoot=\box29
\LT@cols=\count92
\LT@rows=\count93
\c@LT@tables=\count94
\c@LT@chunks=\count95
\LT@p@ftn=\toks17
) (/usr/share/texlive/texmf-dist/tex/latex/booktabs/booktabs.sty
Package: booktabs 2005/04/14 v1.61803 publication quality tables
\heavyrulewidth=\dimen112
\lightrulewidth=\dimen113
\cmidrulewidth=\dimen114
\belowrulesep=\dimen115
\belowbottomsep=\dimen116
\aboverulesep=\dimen117
\abovetopsep=\dimen118
\cmidrulesep=\dimen119
\cmidrulekern=\dimen120
\defaultaddspace=\dimen121
\@cmidla=\count96
\@cmidlb=\count97
\@aboverulesep=\dimen122
\@belowrulesep=\dimen123
\@thisruleclass=\count98
\@lastruleclass=\count99
\@thisrulewidth=\dimen124
) (/usr/share/texlive/texmf-dist/tex/latex/minted/minted.sty
Package: minted 2011/09/17 v1.7 Yet another Pygments shim for LaTeX
 (/usr/share/texlive/texmf-dist/tex/latex/fancyvrb/fancyvrb.sty
Package: fancyvrb 2008/02/07
 Style option: `fancyvrb' v2.7a, with DG/SPQR fixes, and firstline=lastline fix <2008/02/07> (tvz)
\FV@CodeLineNo=\count100
\FV@InFile=\read1
\FV@TabBox=\box30
\c@FancyVerbLine=\count101
\FV@StepNumber=\count102
\FV@OutFile=\write3
) (/usr/share/texmf/tex/latex/xcolor/xcolor.sty
Package: xcolor 2007/01/21 v2.11 LaTeX color extensions (UK)
 (/usr/share/texlive/texmf-dist/tex/latex/latexconfig/color.cfg
File: color.cfg 2007/01/18 v1.5 color configuration of teTeX/TeXLive
)
Package xcolor Info: Driver file: xetex.def on input line 225.
 (/usr/share/texlive/texmf-dist/tex/xelatex/xetex-def/xetex.def
File: xetex.def 2013/04/29 v0.96 LaTeX color/graphics driver for XeTeX (RRM/JK)
)
Package xcolor Info: Model `cmy' substituted by `cmy0' on input line 1337.
Package xcolor Info: Model `RGB' extended on input line 1353.
Package xcolor Info: Model `HTML' substituted by `rgb' on input line 1355.
Package xcolor Info: Model `Hsb' substituted by `hsb' on input line 1356.
Package xcolor Info: Model `tHsb' substituted by `hsb' on input line 1357.
Package xcolor Info: Model `HSB' substituted by `hsb' on input line 1358.
Package xcolor Info: Model `Gray' substituted by `gray' on input line 1359.
Package xcolor Info: Model `wave' substituted by `hsb' on input line 1360.
) (/usr/share/texlive/texmf-dist/tex/latex/float/float.sty
Package: float 2001/11/08 v1.3d Float enhancements (AL)
\c@float@type=\count103
\float@exts=\toks18
\float@box=\box31
\@float@everytoks=\toks19
\@floatcapt=\box32
) (/usr/share/texlive/texmf-dist/tex/latex/base/ifthen.sty
Package: ifthen 2001/05/26 v1.1c Standard LaTeX ifthen package (DPC)
) (/usr/share/texlive/texmf-dist/tex/latex/tools/calc.sty
Package: calc 2007/08/22 v4.3 Infix arithmetic (KKT,FJ)
\calc@Acount=\count104
\calc@Bcount=\count105
\calc@Adimen=\dimen125
\calc@Bdimen=\dimen126
\calc@Askip=\skip47
\calc@Bskip=\skip48
LaTeX Info: Redefining \setlength on input line 76.
LaTeX Info: Redefining \addtolength on input line 77.
\calc@Ccount=\count106
\calc@Cskip=\skip49
) (/usr/share/texlive/texmf-dist/tex/latex/ifplatform/ifplatform.sty
Package: ifplatform 2010/10/22 v0.4 Testing for the operating system
 (/usr/share/texlive/texmf-dist/tex/generic/oberdiek/pdftexcmds.sty
Package: pdftexcmds 2011/11/29 v0.20 Utility functions of pdfTeX for LuaTeX (HO)
 (/usr/share/texlive/texmf-dist/tex/generic/oberdiek/infwarerr.sty
Package: infwarerr 2010/04/08 v1.3 Providing info/warning/error messages (HO)
) (/usr/share/texlive/texmf-dist/tex/generic/oberdiek/ifluatex.sty
Package: ifluatex 2010/03/01 v1.3 Provides the ifluatex switch (HO)
Package ifluatex Info: LuaTeX not detected.
) (/usr/share/texlive/texmf-dist/tex/generic/oberdiek/ltxcmds.sty
Package: ltxcmds 2011/11/09 v1.22 LaTeX kernel commands for general use (HO)
)
Package pdftexcmds Info: LuaTeX not detected.
Package pdftexcmds Info: pdfTeX >= 1.30 not detected.
Package pdftexcmds Info: \pdf@primitive is available.
Package pdftexcmds Info: \pdf@ifprimitive is available.
Package pdftexcmds Info: \pdfdraftmode not found.
) (/usr/share/texlive/texmf-dist/tex/generic/oberdiek/catchfile.sty
Package: catchfile 2011/03/01 v1.6 Catch the contents of a file (HO)
 (/usr/share/texlive/texmf-dist/tex/generic/oberdiek/etexcmds.sty
Package: etexcmds 2011/02/16 v1.5 Avoid name clashes with e-TeX commands (HO)
Package etexcmds Info: Could not find \expanded.
(etexcmds)             That can mean that you are not using pdfTeX 1.50 or
(etexcmds)             that some package has redefined \expanded.
(etexcmds)             In the latter case, load this package earlier.
))
runsystem(uname -s > "project2.w18")...executed.

 (./project2.w18)
runsystem(rm -- "project2.w18")...executed.

)
\minted@bgbox=\box33
\minted@code=\write4
\@float@every@listing=\toks20
\c@listing=\count107
)
runsystem(which pygmentize && touch project2.aex)...executed.

runsystem(rm project2.aex)...executed.

 (/usr/share/texlive/texmf-dist/tex/latex/setspace/setspace.sty
Package: setspace 2011/12/19 v6.7a set line spacing
) (/usr/share/texlive/texmf-dist/tex/latex/titlesec/titlesec.sty
Package: titlesec 2011/12/15 v2.10.0 Sectioning titles
\ttl@box=\box34
\beforetitleunit=\skip50
\aftertitleunit=\skip51
\ttl@plus=\dimen127
\ttl@minus=\dimen128
\ttl@toksa=\toks21
\titlewidth=\dimen129
\titlewidthlast=\dimen130
\titlewidthfirst=\dimen131
) (/usr/share/texlive/texmf-dist/tex/latex/graphics/graphicx.sty
Package: graphicx 1999/02/16 v1.0f Enhanced LaTeX Graphics (DPC,SPQR)
 (/usr/share/texlive/texmf-dist/tex/latex/graphics/graphics.sty
Package: graphics 2009/02/05 v1.0o Standard LaTeX Graphics (DPC,SPQR)
 (/usr/share/texlive/texmf-dist/tex/latex/graphics/trig.sty
Package: trig 1999/03/16 v1.09 sin cos tan (DPC)
)
(/usr/share/texlive/texmf-dist/tex/latex/latexconfig/graphics.cfg
File: graphics.cfg 2010/04/23 v1.9 graphics configuration of TeX Live
)
Package graphics Info: Driver file: xetex.def on input line 91.
)
\Gin@req@height=\dimen132
\Gin@req@width=\dimen133
) (/usr/share/texlive/texmf-dist/tex/latex/subfigure/subfigure.sty
Package: subfigure 2002/03/15 v2.1.5 subfigure package
\subfigtopskip=\skip52
\subfigcapskip=\skip53
\subfigcaptopadj=\dimen134
\subfigbottomskip=\skip54
\subfigcapmargin=\dimen135
\subfiglabelskip=\skip55
\c@subfigure=\count108
\c@lofdepth=\count109
\c@subtable=\count110
\c@lotdepth=\count111

****************************************
* Local config file subfigure.cfg used *
****************************************
(/usr/share/texlive/texmf-dist/tex/latex/subfigure/subfigure.cfg)
\subfig@top=\skip56
\subfig@bottom=\skip57
) (/usr/share/texlive/texmf-dist/tex/latex/hyperref/hyperref.sty
Package: hyperref 2012/11/06 v6.83m Hypertext links for LaTeX
 (/usr/share/texlive/texmf-dist/tex/generic/oberdiek/hobsub-hyperref.sty
Package: hobsub-hyperref 2012/05/28 v1.13 Bundle oberdiek, subset hyperref (HO)
 (/usr/share/texlive/texmf-dist/tex/generic/oberdiek/hobsub-generic.sty
Package: hobsub-generic 2012/05/28 v1.13 Bundle oberdiek, subset generic (HO)
Package: hobsub 2012/05/28 v1.13 Construct package bundles (HO)
Package hobsub Info: Skipping package `infwarerr' (already loaded).
Package hobsub Info: Skipping package `ltxcmds' (already loaded).
Package hobsub Info: Skipping package `ifluatex' (already loaded).
Package hobsub Info: Skipping package `ifvtex' (already loaded).
Package: intcalc 2007/09/27 v1.1 Expandable calculations with integers (HO)
Package hobsub Info: Skipping package `ifpdf' (already loaded).
Package hobsub Info: Skipping package `etexcmds' (already loaded).
Package: kvsetkeys 2012/04/25 v1.16 Key value parser (HO)
Package: kvdefinekeys 2011/04/07 v1.3 Define keys (HO)
Package hobsub Info: Skipping package `pdftexcmds' (already loaded).
Package: pdfescape 2011/11/25 v1.13 Implements pdfTeX's escape features (HO)
Package: bigintcalc 2012/04/08 v1.3 Expandable calculations on big integers (HO)
Package: bitset 2011/01/30 v1.1 Handle bit-vector datatype (HO)
Package: uniquecounter 2011/01/30 v1.2 Provide unlimited unique counter (HO)
)
Package hobsub Info: Skipping package `hobsub' (already loaded).
Package: letltxmacro 2010/09/02 v1.4 Let assignment for LaTeX macros (HO)
Package: hopatch 2012/05/28 v1.2 Wrapper for package hooks (HO)
Package: xcolor-patch 2011/01/30 xcolor patch
Package: atveryend 2011/06/30 v1.8 Hooks at the very end of document (HO)
Package atveryend Info: \enddocument detected (standard20110627).
Package: atbegshi 2011/10/05 v1.16 At begin shipout hook (HO)
Package: refcount 2011/10/16 v3.4 Data extraction from label references (HO)
Package: hycolor 2011/01/30 v1.7 Color options for hyperref/bookmark (HO)
) (/usr/share/texlive/texmf-dist/tex/latex/oberdiek/auxhook.sty
Package: auxhook 2011/03/04 v1.3 Hooks for auxiliary files (HO)
) (/usr/share/texlive/texmf-dist/tex/latex/oberdiek/kvoptions.sty
Package: kvoptions 2011/06/30 v3.11 Key value format for package options (HO)
)
\@linkdim=\dimen136
\Hy@linkcounter=\count112
\Hy@pagecounter=\count113
 (/usr/share/texlive/texmf-dist/tex/latex/hyperref/pd1enc.def
File: pd1enc.def 2012/11/06 v6.83m Hyperref: PDFDocEncoding definition (HO)
)
\Hy@SavedSpaceFactor=\count114
 (/usr/share/texlive/texmf-dist/tex/latex/latexconfig/hyperref.cfg
File: hyperref.cfg 2002/06/06 v1.2 hyperref configuration of TeXLive
)
Package hyperref Info: Hyper figures OFF on input line 4443.
Package hyperref Info: Link nesting OFF on input line 4448.
Package hyperref Info: Hyper index ON on input line 4451.
Package hyperref Info: Plain pages OFF on input line 4458.
Package hyperref Info: Backreferencing OFF on input line 4463.
Package hyperref Info: Implicit mode ON; LaTeX internals redefined.
Package hyperref Info: Bookmarks ON on input line 4688.
\c@Hy@tempcnt=\count115
 (/usr/share/texlive/texmf-dist/tex/latex/url/url.sty
\Urlmuskip=\muskip10
Package: url 2013/09/16  ver 3.4  Verb mode for urls, etc.
)
LaTeX Info: Redefining \url on input line 5041.
\XeTeXLinkMargin=\dimen137
\Fld@menulength=\count116
\Field@Width=\dimen138
\Fld@charsize=\dimen139
Package hyperref Info: Hyper figures OFF on input line 6295.
Package hyperref Info: Link nesting OFF on input line 6300.
Package hyperref Info: Hyper index ON on input line 6303.
Package hyperref Info: backreferencing OFF on input line 6310.
Package hyperref Info: Link coloring OFF on input line 6315.
Package hyperref Info: Link coloring with OCG OFF on input line 6320.
Package hyperref Info: PDF/A mode OFF on input line 6325.
LaTeX Info: Redefining \ref on input line 6365.
LaTeX Info: Redefining \pageref on input line 6369.
\Hy@abspage=\count117
\c@Item=\count118
\c@Hfootnote=\count119
)

Package hyperref Message: Driver (autodetected): hxetex.

(/usr/share/texlive/texmf-dist/tex/latex/hyperref/hxetex.def
File: hxetex.def 2012/11/06 v6.83m Hyperref driver for XeTeX
 (/usr/share/texlive/texmf-dist/tex/latex/hyperref/puenc.def
File: puenc.def 2012/11/06 v6.83m Hyperref: PDF Unicode definition (HO)
) (/usr/share/texlive/texmf-dist/tex/generic/oberdiek/stringenc.sty
Package: stringenc 2011/12/02 v1.10 Convert strings between diff. encodings (HO)
)
\pdfm@box=\box35
\c@Hy@AnnotLevel=\count120
\HyField@AnnotCount=\count121
\Fld@listcount=\count122
\c@bookmark@seq@number=\count123
 (/usr/share/texlive/texmf-dist/tex/latex/oberdiek/rerunfilecheck.sty
Package: rerunfilecheck 2011/04/15 v1.7 Rerun checks for auxiliary files (HO)
Package rerunfilecheck Info: Feature \pdfmdfivesum is not available
(rerunfilecheck)             (e.g. pdfTeX or LuaTeX with package `pdftexcmds').
(rerunfilecheck)             Therefore file contents cannot be checked efficiently
(rerunfilecheck)             and the loading of the package is aborted.
)
\Hy@SectionHShift=\skip58
) (/usr/share/texlive/texmf-dist/tex/generic/oberdiek/se-ascii-print.def
File: se-ascii-print.def 2011/12/02 v1.10 stringenc: Printable ASCII characters
)
Package hyperref Info: Option `colorlinks' set `true' on input line 17.
Package hyperref Info: Option `unicode' set `false' on input line 17.


Package hyperref Warning: XeTeX driver only supports `unicode=true'. Ignoring
(hyperref)                option setting `unicode=false' on input line 17.

(./project2.aux)
\openout1 = `project2.aux'.

LaTeX Font Info:    Checking defaults for OML/cmm/m/it on input line 36.
LaTeX Font Info:    ... okay on input line 36.
LaTeX Font Info:    Checking defaults for T1/cmr/m/n on input line 36.
LaTeX Font Info:    ... okay on input line 36.
LaTeX Font Info:    Checking defaults for OT1/cmr/m/n on input line 36.
LaTeX Font Info:    ... okay on input line 36.
LaTeX Font Info:    Checking defaults for OMS/cmsy/m/n on input line 36.
LaTeX Font Info:    ... okay on input line 36.
LaTeX Font Info:    Checking defaults for OMX/cmex/m/n on input line 36.
LaTeX Font Info:    ... okay on input line 36.
LaTeX Font Info:    Checking defaults for U/cmr/m/n on input line 36.
LaTeX Font Info:    ... okay on input line 36.
LaTeX Font Info:    Checking defaults for PD1/pdf/m/n on input line 36.
LaTeX Font Info:    ... okay on input line 36.
LaTeX Font Info:    Checking defaults for PU/pdf/m/n on input line 36.
LaTeX Font Info:    ... okay on input line 36.

*geometry* driver: auto-detecting
*geometry* detected driver: xetex
*geometry* verbose mode - [ preamble ] result:
* driver: xetex
* paper: letterpaper
* layout: <same size as paper>
* layoutoffset:(h,v)=(0.0pt,0.0pt)
* modes: 
* h-part:(L,W,R)=(72.26999pt, 469.75502pt, 72.26999pt)
* v-part:(T,H,B)=(72.26999pt, 650.43001pt, 72.26999pt)
* \paperwidth=614.295pt
* \paperheight=794.96999pt
* \textwidth=469.75502pt
* \textheight=650.43001pt
* \oddsidemargin=0.0pt
* \evensidemargin=0.0pt
* \topmargin=-37.0pt
* \headheight=12.0pt
* \headsep=25.0pt
* \topskip=10.0pt
* \footskip=30.0pt
* \marginparwidth=65.0pt
* \marginparsep=11.0pt
* \columnsep=10.0pt
* \skip\footins=9.0pt plus 4.0pt minus 2.0pt
* \hoffset=0.0pt
* \voffset=0.0pt
* \mag=1000
* \@twocolumnfalse
* \@twosidefalse
* \@mparswitchfalse
* \@reversemarginfalse
* (1in=72.27pt=25.4mm, 1cm=28.453pt)

runsystem(pygmentize -S default -f latex > project2.pyg)...executed.

(./project2.pyg)
\AtBeginShipoutBox=\box36
Package hyperref Info: Link coloring ON on input line 36.
 (/usr/share/texlive/texmf-dist/tex/latex/hyperref/nameref.sty
Package: nameref 2012/10/27 v2.43 Cross-referencing by name of section
 (/usr/share/texlive/texmf-dist/tex/generic/oberdiek/gettitlestring.sty
Package: gettitlestring 2010/12/03 v1.4 Cleanup title references (HO)
)
\c@section@level=\count124
)
LaTeX Info: Redefining \ref on input line 36.
LaTeX Info: Redefining \pageref on input line 36.
LaTeX Info: Redefining \nameref on input line 36.
 (./project2.out) (./project2.out)
\@outlinefile=\write5
\openout5 = `project2.out'.

\openout3 = `project2.pyg'.

runsystem(pygmentize -l text -f latex -F tokenmerge             -P "verboptions= " -o project2.out.pyg project2.pyg)...executed.

 (./project2.out.pyg)
LaTeX Font Info:    Try loading font information for U+msa on input line 63.
 (/usr/share/texlive/texmf-dist/tex/latex/amsfonts/umsa.fd
File: umsa.fd 2013/01/14 v3.01 AMS symbols A
)
LaTeX Font Info:    Try loading font information for U+msb on input line 63.
 (/usr/share/texlive/texmf-dist/tex/latex/amsfonts/umsb.fd
File: umsb.fd 2013/01/14 v3.01 AMS symbols B
)
runsystem(rm project2.out.pyg)...executed.

runsystem(rm project2.pyg)...executed.

\openout3 = `project2.pyg'.

runsystem(pygmentize -l text -f latex -F tokenmerge             -P "verboptions= " -o project2.out.pyg project2.pyg)...executed.

 (./project2.out.pyg)
runsystem(rm project2.out.pyg)...executed.

runsystem(rm project2.pyg)...executed.

LaTeX Font Info:    Try loading font information for OMS+cmr on input line 77.
 (/usr/share/texlive/texmf-dist/tex/latex/base/omscmr.fd
File: omscmr.fd 1999/05/25 v2.5h Standard LaTeX font definitions
)
LaTeX Font Info:    Font shape `OMS/cmr/m/n' in size <10> not available
(Font)              Font shape `OMS/cmsy/m/n' tried instead on input line 77.
\openout3 = `project2.pyg'.

runsystem(pygmentize -l text -f latex -F tokenmerge             -P "verboptions= " -o project2.out.pyg project2.pyg)...executed.

 (./project2.out.pyg)
runsystem(rm project2.out.pyg)...executed.

runsystem(rm project2.pyg)...executed.


Underfull \hbox (badness 10000) in paragraph at lines 87--88

 []

\openout3 = `project2.pyg'.

runsystem(pygmentize -l text -f latex -F tokenmerge             -P "verboptions= " -o project2.out.pyg project2.pyg)...executed.

(./project2.out.pyg)
runsystem(rm project2.out.pyg)...executed.

runsystem(rm project2.pyg)...executed.


Underfull \hbox (badness 10000) in paragraph at lines 101--102

 []

\openout3 = `project2.pyg'.

runsystem(pygmentize -l text -f latex -F tokenmerge             -P "verboptions= " -o project2.out.pyg project2.pyg)...executed.

(./project2.out.pyg)
runsystem(rm project2.out.pyg)...executed.

runsystem(rm project2.pyg)...executed.


Underfull \hbox (badness 10000) in paragraph at lines 114--115

 []

[1

]
\openout3 = `project2.pyg'.

runsystem(pygmentize -l text -f latex -F tokenmerge             -P "verboptions= " -o project2.out.pyg project2.pyg)...executed.

 (./project2.out.pyg)
runsystem(rm project2.out.pyg)...executed.

runsystem(rm project2.pyg)...executed.


Underfull \hbox (badness 10000) in paragraph at lines 132--133

 []

\openout3 = `project2.pyg'.

runsystem(pygmentize -l text -f latex -F tokenmerge             -P "verboptions= " -o project2.out.pyg project2.pyg)...executed.

(./project2.out.pyg)
runsystem(rm project2.out.pyg)...executed.

runsystem(rm project2.pyg)...executed.


Underfull \hbox (badness 10000) in paragraph at lines 143--144

 []

[2]
LaTeX Font Info:    Font shape `OT1/cmtt/bx/n' in size <10> not available
(Font)              Font shape `OT1/cmtt/m/n' tried instead on input line 170.
File: fig/pgrp.eps Graphic file (type eps)
 <fig/pgrp.eps>
\openout3 = `project2.pyg'.

runsystem(pygmentize -l text -f latex -F tokenmerge             -P "verboptions= " -o project2.out.pyg project2.pyg)...executed.

 (./project2.out.pyg)
runsystem(rm project2.out.pyg)...executed.

runsystem(rm project2.pyg)...executed.


Underfull \hbox (badness 10000) in paragraph at lines 197--198

 []

[3]
\openout3 = `project2.pyg'.

runsystem(pygmentize -l c -f latex -F tokenmerge             -P "verboptions= " -o project2.out.pyg project2.pyg)...executed.

 (./project2.out.pyg)
runsystem(rm project2.out.pyg)...executed.

runsystem(rm project2.pyg)...executed.


Underfull \hbox (badness 10000) in paragraph at lines 223--224

 []

\openout3 = `project2.pyg'.

runsystem(pygmentize -l c -f latex -F tokenmerge             -P "verboptions= " -o project2.out.pyg project2.pyg)...executed.

(./project2.out.pyg)
runsystem(rm project2.out.pyg)...executed.

runsystem(rm project2.pyg)...executed.


Underfull \hbox (badness 10000) in paragraph at lines 233--234

 []

\openout3 = `project2.pyg'.

runsystem(pygmentize -l c -f latex -F tokenmerge             -P "verboptions= " -o project2.out.pyg project2.pyg)...executed.

(./project2.out.pyg)
runsystem(rm project2.out.pyg)...executed.

runsystem(rm project2.pyg)...executed.


Underfull \hbox (badness 10000) in paragraph at lines 271--272

 []

[4]

Package hyperref Warning: Token not allowed in a PDF string (Unicode):
(hyperref)                removing `math shift' on input line 300.


Package hyperref Warning: Token not allowed in a PDF string (Unicode):
(hyperref)                removing `\@@underline' on input line 300.


Package hyperref Warning: Token not allowed in a PDF string (Unicode):
(hyperref)                removing `\hbox' on input line 300.


Package hyperref Warning: Token not allowed in a PDF string (Unicode):
(hyperref)                removing `\mathsurround' on input line 300.


Package hyperref Warning: Token not allowed in a PDF string (Unicode):
(hyperref)                removing `\z@' on input line 300.


Package hyperref Warning: Token not allowed in a PDF string (Unicode):
(hyperref)                removing `math shift' on input line 300.

\openout3 = `project2.pyg'.

runsystem(pygmentize -l c -f latex -F tokenmerge             -P "verboptions= " -o project2.out.pyg project2.pyg)...executed.

(./project2.out.pyg)
runsystem(rm project2.out.pyg)...executed.

runsystem(rm project2.pyg)...executed.


Underfull \hbox (badness 10000) in paragraph at lines 327--328

 []

\openout3 = `project2.pyg'.

runsystem(pygmentize -l text -f latex -F tokenmerge             -P "verboptions= " -o project2.out.pyg project2.pyg)...executed.

(./project2.out.pyg)
runsystem(rm project2.out.pyg)...executed.

runsystem(rm project2.pyg)...executed.


Underfull \hbox (badness 10000) in paragraph at lines 357--358

 []

\openout3 = `project2.pyg'.

runsystem(pygmentize -l text -f latex -F tokenmerge             -P "verboptions= " -o project2.out.pyg project2.pyg)...executed.

(./project2.out.pyg)
runsystem(rm project2.out.pyg)...executed.

runsystem(rm project2.pyg)...executed.

 [5]
\openout3 = `project2.pyg'.

runsystem(pygmentize -l text -f latex -F tokenmerge             -P "verboptions= " -o project2.out.pyg project2.pyg)...executed.

 (./project2.out.pyg)
runsystem(rm project2.out.pyg)...executed.

runsystem(rm project2.pyg)...executed.


Underfull \hbox (badness 10000) in paragraph at lines 379--380

 []

\openout3 = `project2.pyg'.

runsystem(pygmentize -l text -f latex -F tokenmerge             -P "verboptions= " -o project2.out.pyg project2.pyg)...executed.

(./project2.out.pyg)
runsystem(rm project2.out.pyg)...executed.

runsystem(rm project2.pyg)...executed.

\openout3 = `project2.pyg'.

runsystem(pygmentize -l text -f latex -F tokenmerge             -P "verboptions= " -o project2.out.pyg project2.pyg)...executed.

 (./project2.out.pyg)
runsystem(rm project2.out.pyg)...executed.

runsystem(rm project2.pyg)...executed.


Underfull \hbox (badness 10000) in paragraph at lines 401--402

 []

\openout3 = `project2.pyg'.

runsystem(pygmentize -l text -f latex -F tokenmerge             -P "verboptions= " -o project2.out.pyg project2.pyg)...executed.

(./project2.out.pyg)
runsystem(rm project2.out.pyg)...executed.

runsystem(rm project2.pyg)...executed.

\openout3 = `project2.pyg'.

runsystem(pygmentize -l text -f latex -F tokenmerge             -P "verboptions= " -o project2.out.pyg project2.pyg)...executed.

 (./project2.out.pyg)
runsystem(rm project2.out.pyg)...executed.

runsystem(rm project2.pyg)...executed.

\openout3 = `project2.pyg'.

runsystem(pygmentize -l text -f latex -F tokenmerge             -P "verboptions= " -o project2.out.pyg project2.pyg)...executed.

 (./project2.out.pyg)
runsystem(rm project2.out.pyg)...executed.

runsystem(rm project2.pyg)...executed.


Underfull \hbox (badness 10000) in paragraph at lines 436--437

 []

\openout3 = `project2.pyg'.

runsystem(pygmentize -l text -f latex -F tokenmerge             -P "verboptions= " -o project2.out.pyg project2.pyg)...executed.

(./project2.out.pyg)
runsystem(rm project2.out.pyg)...executed.

runsystem(rm project2.pyg)...executed.


Underfull \hbox (badness 10000) in paragraph at lines 447--448

 []

[6]
\openout3 = `project2.pyg'.

runsystem(pygmentize -l text -f latex -F tokenmerge             -P "verboptions= " -o project2.out.pyg project2.pyg)...executed.

 (./project2.out.pyg)
runsystem(rm project2.out.pyg)...executed.

runsystem(rm project2.pyg)...executed.


Underfull \hbox (badness 10000) in paragraph at lines 474--475

 []

\openout3 = `project2.pyg'.

runsystem(pygmentize -l text -f latex -F tokenmerge             -P "verboptions= " -o project2.out.pyg project2.pyg)...executed.

(./project2.out.pyg)
runsystem(rm project2.out.pyg)...executed.

runsystem(rm project2.pyg)...executed.


Underfull \hbox (badness 10000) in paragraph at lines 489--490

 []

\openout3 = `project2.pyg'.

runsystem(pygmentize -l text -f latex -F tokenmerge             -P "verboptions= " -o project2.out.pyg project2.pyg)...executed.

(./project2.out.pyg)
runsystem(rm project2.out.pyg)...executed.

runsystem(rm project2.pyg)...executed.


Underfull \hbox (badness 10000) in paragraph at lines 499--500

 []

[7]
Underfull \vbox (badness 10000) detected at line 685
 []

[8]
\openout3 = `project2.pyg'.

runsystem(pygmentize -l c -f latex -F tokenmerge             -P "verboptions= " -o project2.out.pyg project2.pyg)...executed.

 (./project2.out.pyg)
runsystem(rm project2.out.pyg)...executed.

runsystem(rm project2.pyg)...executed.


Underfull \hbox (badness 10000) in paragraph at lines 707--708

 []

\openout3 = `project2.pyg'.

runsystem(pygmentize -l text -f latex -F tokenmerge             -P "verboptions= " -o project2.out.pyg project2.pyg)...executed.

(./project2.out.pyg)
runsystem(rm project2.out.pyg)...executed.

runsystem(rm project2.pyg)...executed.


Underfull \hbox (badness 10000) in paragraph at lines 724--725

 []

\openout3 = `project2.pyg'.

runsystem(pygmentize -l text -f latex -F tokenmerge             -P "verboptions= " -o project2.out.pyg project2.pyg)...executed.

(./project2.out.pyg)
runsystem(rm project2.out.pyg)...executed.

runsystem(rm project2.pyg)...executed.


Underfull \hbox (badness 10000) in paragraph at lines 735--736

 []

\openout3 = `project2.pyg'.

runsystem(pygmentize -l bash -f latex -F tokenmerge             -P "verboptions= " -o project2.out.pyg project2.pyg)...executed.

(./project2.out.pyg)
runsystem(rm project2.out.pyg)...executed.

runsystem(rm project2.pyg)...executed.


Underfull \hbox (badness 10000) in paragraph at lines 760--761

 []

Package atveryend Info: Empty hook `BeforeClearDocument' on input line 782.
[9]
Package atveryend Info: Empty hook `AfterLastShipout' on input line 782.
 (./project2.aux)
Package atveryend Info: Empty hook `AtVeryEndDocument' on input line 782.
Package atveryend Info: Empty hook `AtEndAfterFileList' on input line 782.
Package atveryend Info: Empty hook `AtVeryVeryEnd' on input line 782.
 ) 
Here is how much of TeX's memory you used:
 10673 strings out of 493918
 148504 string characters out of 6150563
 238492 words of memory out of 5000000
 13832 multiletter control sequences out of 15000+600000
 7355 words of font info for 29 fonts, out of 8000000 for 9000
 1144 hyphenation exceptions out of 8191
 37i,8n,48p,539b,426s stack positions out of 5000i,500n,10000p,200000b,80000s

Output written on project2.pdf (9 pages).
